[debug] [2023-09-11T09:41:07.894Z] ----------------------------------------------------------------------
[debug] [2023-09-11T09:41:07.901Z] Command:       C:\Program Files\nodejs\node.exe C:\Users\Lenovo\AppData\Roaming\npm\node_modules\firebase-tools\lib\bin\firebase.js init
[debug] [2023-09-11T09:41:07.903Z] CLI Version:   12.5.2
[debug] [2023-09-11T09:41:07.904Z] Platform:      win32
[debug] [2023-09-11T09:41:07.904Z] Node Version:  v16.15.0
[debug] [2023-09-11T09:41:07.906Z] Time:          Mon Sep 11 2023 17:41:07 GMT+0800 (China Standard Time)
[debug] [2023-09-11T09:41:07.907Z] ----------------------------------------------------------------------
[debug] 
[debug] [2023-09-11T09:41:07.920Z] >>> [apiv2][query] GET https://firebase-public.firebaseio.com/cli.json [none]
[debug] [2023-09-11T09:41:08.074Z] > command requires scopes: ["email","openid","https://www.googleapis.com/auth/cloudplatformprojects.readonly","https://www.googleapis.com/auth/firebase","https://www.googleapis.com/auth/cloud-platform"]
[debug] [2023-09-11T09:41:08.075Z] > authorizing via signed-in user (mail.my.doc@gmail.com)
[info] 
     ######## #### ########  ######## ########     ###     ######  ########
     ##        ##  ##     ## ##       ##     ##  ##   ##  ##       ##
     ######    ##  ########  ######   ########  #########  ######  ######
     ##        ##  ##    ##  ##       ##     ## ##     ##       ## ##
     ##       #### ##     ## ######## ########  ##     ##  ######  ########

You're about to initialize a Firebase project in this directory:

  C:\Users\Lenovo\Documents\Yondu\Projects\growthops-assessment

Before we get started, keep in mind:

  * You are initializing within an existing Firebase project directory

